<?xml version="1.0" encoding="UTF-8"?>
<!-- Generated by org.testng.reporters.JUnitXMLReporter -->
<testsuite ignored="2" hostname="IN-PG02NMDP" failures="1" tests="1" name="TrainTicketsTest(failed)" time="22.191" errors="0" timestamp="2024-04-19T22:20:05 IST">
  <testcase classname="testCases.TrainTicketsPageTest" name="liveTrainStatusTest" time="11.667">
    <failure type="java.lang.AssertionError" message="liveTrainStatusTest_Train status is not as expected expected [&amp;quot;SCHEDULED&amp;quot;;] but found [Crossed BY SANDHURST RD at 10:15 PM]">
      <![CDATA[java.lang.AssertionError: liveTrainStatusTest_Train status is not as expected expected ["SCHEDULED";] but found [Crossed BY SANDHURST RD at 10:15 PM]
at testCases.TrainTicketsPageTest.liveTrainStatusTest(TrainTicketsPageTest.java:99)
at java.base/java.util.ArrayList.forEach(ArrayList.java:1540)
at java.base/java.util.concurrent.Executors$RunnableAdapter.call(Executors.java:515)
at java.base/java.util.concurrent.FutureTask.run(FutureTask.java:264)
at java.base/java.util.concurrent.ThreadPoolExecutor.runWorker(ThreadPoolExecutor.java:1128)
at java.base/java.util.concurrent.ThreadPoolExecutor$Worker.run(ThreadPoolExecutor.java:628)
at java.base/java.lang.Thread.run(Thread.java:834)
... Removed 26 stack frames]]>
    </failure>
  </testcase> <!-- liveTrainStatusTest -->
  <testcase classname="testCases.TrainTicketsPageTest" name="searchTrainResultTest" time="0.0">
    <ignored/>
  </testcase> <!-- searchTrainResultTest -->
  <testcase classname="testCases.TrainTicketsPageTest" name="errorMessageOnIncorrectPNR" time="0.0">
    <ignored/>
  </testcase> <!-- errorMessageOnIncorrectPNR -->
</testsuite> <!-- TrainTicketsTest(failed) -->
