<?xml version="1.0" encoding="UTF-8"?>
<!-- Generated by org.testng.reporters.JUnitXMLReporter -->
<testsuite ignored="0" hostname="IN-PG02NMDP" failures="2" tests="2" name="Test" time="9.652" errors="0" timestamp="2024-04-18T10:13:57 IST">
  <testcase classname="testCases.HelpPageTest" name="verifyHelpPageNavigationTest" time="0.021">
    <failure type="java.lang.ExceptionInInitializerError">
      <![CDATA[java.lang.ExceptionInInitializerError
at listeners.Listeners.onTestStart(Listeners.java:13)
at java.base/java.util.ArrayList.forEach(ArrayList.java:1511)
at logs.Log.<clinit>(Log.java:9)
... 26 more
... Removed 25 stack frames]]>
    </failure>
  </testcase> <!-- verifyHelpPageNavigationTest -->
  <testcase classname="testCases.HelpPageTest" name="verifyHelpPageNavigationTest" time="9.62">
    <failure type="java.lang.NoClassDefFoundError" message="Could not initialize class logs.Log">
      <![CDATA[java.lang.NoClassDefFoundError: Could not initialize class logs.Log
at listeners.Listeners.onTestFailure(Listeners.java:23)
at java.base/java.util.ArrayList.forEach(ArrayList.java:1511)
... Removed 24 stack frames]]>
    </failure>
  </testcase> <!-- verifyHelpPageNavigationTest -->
</testsuite> <!-- Test -->
