<?xml version="1.0" encoding="UTF-8"?>
<!-- Generated by org.testng.reporters.JUnitXMLReporter -->
<testsuite ignored="0" hostname="IN-PG02NMDP" failures="1" tests="3" name="TrainTicketsTest" time="47.42" errors="0" timestamp="2024-07-29T18:43:28 IST">
  <testcase classname="testCases.TrainTicketsPageTest" name="TrainTicketPage_searchTrainResultTest" time="26.751"/>
  <testcase classname="testCases.TrainTicketsPageTest" name="TrainTicketPage_errorMessageOnIncorrectPNR" time="10.668"/>
  <testcase classname="testCases.TrainTicketsPageTest" name="TrainTicketPage_liveTrainStatusTest" time="9.267">
    <failure type="java.lang.AssertionError" message="liveTrainStatusTest_Train status is not as expected expected [SCHEDULED] but found [Scheduled to depart JAMMUTAVI at 08:30 PM]">
      <![CDATA[java.lang.AssertionError: liveTrainStatusTest_Train status is not as expected expected [SCHEDULED] but found [Scheduled to depart JAMMUTAVI at 08:30 PM]
at testCases.TrainTicketsPageTest.TrainTicketPage_liveTrainStatusTest(TrainTicketsPageTest.java:82)
at java.base/java.util.ArrayList.forEach(ArrayList.java:1511)
... Removed 32 stack frames]]>
    </failure>
  </testcase> <!-- TrainTicketPage_liveTrainStatusTest -->
</testsuite> <!-- TrainTicketsTest -->
