<?xml version="1.0" encoding="UTF-8"?>
<!-- Generated by org.testng.reporters.JUnitXMLReporter -->
<testsuite ignored="0" hostname="IN-PG02NMDP" failures="0" tests="2" name="CancelTicketTest" time="15.452" errors="0" timestamp="2024-04-21T17:57:51 IST">
  <testcase classname="testCases.CancelTicketPageTest" name="CancelTicketPage_pageNavigationTest" time="2.212"/>
  <testcase classname="testCases.CancelTicketPageTest" name="CancelTicketPage_errorMsgOnInvalidTicketNumberTest" time="2.862"/>
</testsuite> <!-- CancelTicketTest -->
