<?xml version="1.0" encoding="UTF-8"?>
<!-- Generated by org.testng.reporters.JUnitXMLReporter -->
<testsuite ignored="0" hostname="IN-PG02NMDP" failures="0" tests="8" name="HomePageTest" time="53.248" errors="0" timestamp="2024-04-21T17:56:12 IST">
  <testcase classname="testCases.HomePageTest" name="HomePage_homePageTitleTest" time="0.731"/>
  <testcase classname="testCases.HomePageTest" name="HomePage_busTicketPageNavigationTest" time="2.121"/>
  <testcase classname="testCases.HomePageTest" name="HomePage_trainTicketsPageNavigationtTest" time="2.497"/>
  <testcase classname="testCases.HomePageTest" name="HomePage_busSearchResultTest" time="15.845"/>
  <testcase classname="testCases.HomePageTest" name="HomePage_facebookPageNavigationTest" time="2.611"/>
  <testcase classname="testCases.HomePageTest" name="HomePage_linkedInPageNavigationTest" time="2.634"/>
  <testcase classname="testCases.HomePageTest" name="HomePage_twitterPageNavigationTest" time="3.143"/>
  <testcase classname="testCases.HomePageTest" name="HomePage_instagramPageNavigationTest" time="1.955"/>
</testsuite> <!-- HomePageTest -->
